# JRE version: OpenJDK Runtime Environment Microsoft-8035246 (17.0.8+7) (build 17.0.8+7-LTS)
# Java VM: OpenJDK 64-Bit Server VM Microsoft-8035246 (17.0.8+7-LTS, mixed mode, sharing, tiered, compressed oops, compressed class ptrs, g1 gc, windows-amd64)
GC Precious Log:
 CPUs: 12 total, 12 available
 Memory: 15775M
 Large Page Support: Disabled
 NUMA Support: Disabled
 Compressed Oops: Enabled (32-bit)
 Heap Region Size: 1M
 Heap Min Capacity: 8M
 Heap Initial Capacity: 248M
 Heap Max Capacity: 2G
 Pre-touch: Disabled
 Parallel Workers: 10
 Concurrent Workers: 3
 Concurrent Refinement Workers: 10
 Periodic GC: Disabled
Heap:
 garbage-first heap   total 235520K, used 183887K [0x0000000080000000, 0x0000000100000000)
  region size 1024K, 14 young (14336K), 4 survivors (4096K)
 Metaspace       used 104213K, committed 105280K, reserved 557056K
  class space    used 14539K, committed 15040K, reserved 425984K
GC Heap History (20 events):
Event: 47.315 GC heap before
{Heap before GC invocations=57 (full 0):
 garbage-first heap   total 235520K, used 182201K [0x0000000080000000, 0x0000000100000000)
  region size 1024K, 65 young (66560K), 11 survivors (11264K)
 Metaspace       used 94376K, committed 95296K, reserved 557056K
  class space    used 13217K, committed 13632K, reserved 425984K
}
Event: 47.322 GC heap after
{Heap after GC invocations=58 (full 0):
 garbage-first heap   total 235520K, used 140288K [0x0000000080000000, 0x0000000100000000)
  region size 1024K, 9 young (9216K), 9 survivors (9216K)
 Metaspace       used 94376K, committed 95296K, reserved 557056K
  class space    used 13217K, committed 13632K, reserved 425984K
}
Event: 47.775 GC heap before
{Heap before GC invocations=58 (full 0):
 garbage-first heap   total 235520K, used 186368K [0x0000000080000000, 0x0000000100000000)
  region size 1024K, 54 young (55296K), 9 survivors (9216K)
 Metaspace       used 97762K, committed 98752K, reserved 557056K
  class space    used 13734K, committed 14208K, reserved 425984K
}
Event: 47.781 GC heap after
{Heap after GC invocations=59 (full 0):
 garbage-first heap   total 235520K, used 143189K [0x0000000080000000, 0x0000000100000000)
  region size 1024K, 3 young (3072K), 3 survivors (3072K)
 Metaspace       used 97762K, committed 98752K, reserved 557056K
  class space    used 13734K, committed 14208K, reserved 425984K
}
Event: 48.501 GC heap before
{Heap before GC invocations=59 (full 0):
 garbage-first heap   total 235520K, used 189269K [0x0000000080000000, 0x0000000100000000)
  region size 1024K, 48 young (49152K), 3 survivors (3072K)
 Metaspace       used 101033K, committed 102080K, reserved 557056K
  class space    used 14125K, committed 14592K, reserved 425984K
}
Event: 48.506 GC heap after
{Heap after GC invocations=60 (full 0):
 garbage-first heap   total 235520K, used 146957K [0x0000000080000000, 0x0000000100000000)
  region size 1024K, 6 young (6144K), 6 survivors (6144K)
 Metaspace       used 101033K, committed 102080K, reserved 557056K
  class space    used 14125K, committed 14592K, reserved 425984K
}
Event: 48.970 GC heap before
{Heap before GC invocations=60 (full 0):
 garbage-first heap   total 235520K, used 193037K [0x0000000080000000, 0x0000000100000000)
  region size 1024K, 51 young (52224K), 6 survivors (6144K)
 Metaspace       used 102173K, committed 103168K, reserved 557056K
  class space    used 14253K, committed 14720K, reserved 425984K
}
Event: 48.976 GC heap after
{Heap after GC invocations=61 (full 0):
 garbage-first heap   total 235520K, used 152934K [0x0000000080000000, 0x0000000100000000)
  region size 1024K, 6 young (6144K), 6 survivors (6144K)
 Metaspace       used 102173K, committed 103168K, reserved 557056K
  class space    used 14253K, committed 14720K, reserved 425984K
}
Event: 49.297 GC heap before
{Heap before GC invocations=61 (full 0):
 garbage-first heap   total 235520K, used 193894K [0x0000000080000000, 0x0000000100000000)
  region size 1024K, 46 young (47104K), 6 survivors (6144K)
 Metaspace       used 102586K, committed 103616K, reserved 557056K
  class space    used 14290K, committed 14784K, reserved 425984K
}
Event: 49.302 GC heap after
{Heap after GC invocations=62 (full 0):
 garbage-first heap   total 235520K, used 157282K [0x0000000080000000, 0x0000000100000000)
  region size 1024K, 5 young (5120K), 5 survivors (5120K)
 Metaspace       used 102586K, committed 103616K, reserved 557056K
  class space    used 14290K, committed 14784K, reserved 425984K
}
Event: 49.569 GC heap before
{Heap before GC invocations=62 (full 0):
 garbage-first heap   total 235520K, used 194146K [0x0000000080000000, 0x0000000100000000)
  region size 1024K, 42 young (43008K), 5 survivors (5120K)
 Metaspace       used 103537K, committed 104576K, reserved 557056K
  class space    used 14481K, committed 14976K, reserved 425984K
}
Event: 49.574 GC heap after
{Heap after GC invocations=63 (full 0):
 garbage-first heap   total 235520K, used 160752K [0x0000000080000000, 0x0000000100000000)
  region size 1024K, 4 young (4096K), 4 survivors (4096K)
 Metaspace       used 103537K, committed 104576K, reserved 557056K
  class space    used 14481K, committed 14976K, reserved 425984K
}
Event: 49.865 GC heap before
{Heap before GC invocations=63 (full 0):
 garbage-first heap   total 235520K, used 196592K [0x0000000080000000, 0x0000000100000000)
  region size 1024K, 40 young (40960K), 4 survivors (4096K)
 Metaspace       used 103990K, committed 105088K, reserved 557056K
  class space    used 14535K, committed 15040K, reserved 425984K
}
Event: 49.868 GC heap after
{Heap after GC invocations=64 (full 0):
 garbage-first heap   total 235520K, used 162643K [0x0000000080000000, 0x0000000100000000)
  region size 1024K, 2 young (2048K), 2 survivors (2048K)
 Metaspace       used 103990K, committed 105088K, reserved 557056K
  class space    used 14535K, committed 15040K, reserved 425984K
}
Event: 49.994 GC heap before
{Heap before GC invocations=64 (full 0):
 garbage-first heap   total 235520K, used 199507K [0x0000000080000000, 0x0000000100000000)
  region size 1024K, 39 young (39936K), 2 survivors (2048K)
 Metaspace       used 104099K, committed 105216K, reserved 557056K
  class space    used 14535K, committed 15040K, reserved 425984K
}
Event: 49.998 GC heap after
{Heap after GC invocations=65 (full 0):
 garbage-first heap   total 235520K, used 166912K [0x0000000080000000, 0x0000000100000000)
  region size 1024K, 5 young (5120K), 5 survivors (5120K)
 Metaspace       used 104099K, committed 105216K, reserved 557056K
  class space    used 14535K, committed 15040K, reserved 425984K
}
Event: 50.158 GC heap before
{Heap before GC invocations=65 (full 0):
 garbage-first heap   total 235520K, used 199680K [0x0000000080000000, 0x0000000100000000)
  region size 1024K, 38 young (38912K), 5 survivors (5120K)
 Metaspace       used 104108K, committed 105216K, reserved 557056K
  class space    used 14535K, committed 15040K, reserved 425984K
}
Event: 50.161 GC heap after
{Heap after GC invocations=66 (full 0):
 garbage-first heap   total 235520K, used 169301K [0x0000000080000000, 0x0000000100000000)
  region size 1024K, 3 young (3072K), 3 survivors (3072K)
 Metaspace       used 104108K, committed 105216K, reserved 557056K
  class space    used 14535K, committed 15040K, reserved 425984K
}
Event: 51.341 GC heap before
{Heap before GC invocations=66 (full 0):
 garbage-first heap   total 235520K, used 200021K [0x0000000080000000, 0x0000000100000000)
  region size 1024K, 34 young (34816K), 3 survivors (3072K)
 Metaspace       used 104112K, committed 105216K, reserved 557056K
  class space    used 14536K, committed 15040K, reserved 425984K
}
Event: 51.343 GC heap after
{Heap after GC invocations=67 (full 0):
 garbage-first heap   total 235520K, used 170575K [0x0000000080000000, 0x0000000100000000)
  region size 1024K, 4 young (4096K), 4 survivors (4096K)
 Metaspace       used 104112K, committed 105216K, reserved 557056K
  class space    used 14536K, committed 15040K, reserved 425984K
}

